# JRE version: OpenJDK Runtime Environment (11.0.10) (build 11.0.10+0-b96-7249189)
# Java VM: OpenJDK 64-Bit Server VM (11.0.10+0-b96-7249189, mixed mode, tiered, compressed oops, g1 gc, windows-amd64)
Heap:
 garbage-first heap   total 312320K, used 197216K [0x0000000700000000, 0x0000000800000000)
  region size 1024K, 85 young (87040K), 1 survivors (1024K)
 Metaspace       used 97635K, capacity 100247K, committed 100688K, reserved 1136640K
  class space    used 12325K, capacity 13209K, committed 13312K, reserved 1048576K
GC Heap History (20 events):
Event: 30.034 GC heap before
{Heap before GC invocations=26 (full 0):
 garbage-first heap   total 312320K, used 138427K [0x0000000700000000, 0x0000000800000000)
  region size 1024K, 56 young (57344K), 10 survivors (10240K)
 Metaspace       used 82617K, capacity 84883K, committed 84944K, reserved 1122304K
  class space    used 10575K, capacity 11380K, committed 11392K, reserved 1048576K
}
Event: 30.039 GC heap after
{Heap after GC invocations=27 (full 0):
 garbage-first heap   total 312320K, used 96208K [0x0000000700000000, 0x0000000800000000)
  region size 1024K, 4 young (4096K), 4 survivors (4096K)
 Metaspace       used 82617K, capacity 84883K, committed 84944K, reserved 1122304K
  class space    used 10575K, capacity 11380K, committed 11392K, reserved 1048576K
}
Event: 33.751 GC heap before
{Heap before GC invocations=28 (full 0):
 garbage-first heap   total 312320K, used 226256K [0x0000000700000000, 0x0000000800000000)
  region size 1024K, 130 young (133120K), 4 survivors (4096K)
 Metaspace       used 91971K, capacity 94644K, committed 94800K, reserved 1132544K
  class space    used 11781K, capacity 12735K, committed 12800K, reserved 1048576K
}
Event: 33.756 GC heap after
{Heap after GC invocations=29 (full 0):
 garbage-first heap   total 312320K, used 103672K [0x0000000700000000, 0x0000000800000000)
  region size 1024K, 11 young (11264K), 11 survivors (11264K)
 Metaspace       used 91971K, capacity 94644K, committed 94800K, reserved 1132544K
  class space    used 11781K, capacity 12735K, committed 12800K, reserved 1048576K
}
Event: 33.776 GC heap before
{Heap before GC invocations=29 (full 0):
 garbage-first heap   total 312320K, used 106744K [0x0000000700000000, 0x0000000800000000)
  region size 1024K, 15 young (15360K), 11 survivors (11264K)
 Metaspace       used 92085K, capacity 94783K, committed 95056K, reserved 1132544K
  class space    used 11808K, capacity 12762K, committed 12800K, reserved 1048576K
}
Event: 33.779 GC heap after
{Heap after GC invocations=30 (full 0):
 garbage-first heap   total 312320K, used 104009K [0x0000000700000000, 0x0000000800000000)
  region size 1024K, 2 young (2048K), 2 survivors (2048K)
 Metaspace       used 92085K, capacity 94783K, committed 95056K, reserved 1132544K
  class space    used 11808K, capacity 12762K, committed 12800K, reserved 1048576K
}
Event: 34.142 GC heap before
{Heap before GC invocations=30 (full 0):
 garbage-first heap   total 312320K, used 230985K [0x0000000700000000, 0x0000000800000000)
  region size 1024K, 128 young (131072K), 2 survivors (2048K)
 Metaspace       used 93545K, capacity 96256K, committed 96464K, reserved 1132544K
  class space    used 11904K, capacity 12870K, committed 12928K, reserved 1048576K
}
Event: 34.144 GC heap after
{Heap after GC invocations=31 (full 0):
 garbage-first heap   total 312320K, used 106349K [0x0000000700000000, 0x0000000800000000)
  region size 1024K, 5 young (5120K), 5 survivors (5120K)
 Metaspace       used 93545K, capacity 96256K, committed 96464K, reserved 1132544K
  class space    used 11904K, capacity 12870K, committed 12928K, reserved 1048576K
}
Event: 41.788 GC heap before
{Heap before GC invocations=31 (full 0):
 garbage-first heap   total 312320K, used 201581K [0x0000000700000000, 0x0000000800000000)
  region size 1024K, 100 young (102400K), 5 survivors (5120K)
 Metaspace       used 94026K, capacity 96751K, committed 96976K, reserved 1134592K
  class space    used 11930K, capacity 12878K, committed 12928K, reserved 1048576K
}
Event: 41.790 GC heap after
{Heap after GC invocations=32 (full 0):
 garbage-first heap   total 312320K, used 107819K [0x0000000700000000, 0x0000000800000000)
  region size 1024K, 6 young (6144K), 6 survivors (6144K)
 Metaspace       used 94026K, capacity 96751K, committed 96976K, reserved 1134592K
  class space    used 11930K, capacity 12878K, committed 12928K, reserved 1048576K
}
Event: 41.938 GC heap before
{Heap before GC invocations=33 (full 0):
 garbage-first heap   total 312320K, used 248107K [0x0000000700000000, 0x0000000800000000)
  region size 1024K, 137 young (140288K), 6 survivors (6144K)
 Metaspace       used 94034K, capacity 96463K, committed 97360K, reserved 1134592K
  class space    used 11841K, capacity 12686K, committed 13056K, reserved 1048576K
}
Event: 41.940 GC heap after
{Heap after GC invocations=34 (full 0):
 garbage-first heap   total 312320K, used 112440K [0x0000000700000000, 0x0000000800000000)
  region size 1024K, 10 young (10240K), 10 survivors (10240K)
 Metaspace       used 94034K, capacity 96463K, committed 97360K, reserved 1134592K
  class space    used 11841K, capacity 12686K, committed 13056K, reserved 1048576K
}
Event: 42.074 GC heap before
{Heap before GC invocations=34 (full 0):
 garbage-first heap   total 312320K, used 217912K [0x0000000700000000, 0x0000000800000000)
  region size 1024K, 114 young (116736K), 10 survivors (10240K)
 Metaspace       used 94038K, capacity 96463K, committed 97360K, reserved 1134592K
  class space    used 11841K, capacity 12686K, committed 13056K, reserved 1048576K
}
Event: 42.078 GC heap after
{Heap after GC invocations=35 (full 0):
 garbage-first heap   total 312320K, used 114929K [0x0000000700000000, 0x0000000800000000)
  region size 1024K, 12 young (12288K), 12 survivors (12288K)
 Metaspace       used 94038K, capacity 96463K, committed 97360K, reserved 1134592K
  class space    used 11841K, capacity 12686K, committed 13056K, reserved 1048576K
}
Event: 45.108 GC heap before
{Heap before GC invocations=36 (full 0):
 garbage-first heap   total 312320K, used 219377K [0x0000000700000000, 0x0000000800000000)
  region size 1024K, 114 young (116736K), 12 survivors (12288K)
 Metaspace       used 94690K, capacity 97145K, committed 97872K, reserved 1134592K
  class space    used 11890K, capacity 12732K, committed 13056K, reserved 1048576K
}
Event: 45.112 GC heap after
{Heap after GC invocations=37 (full 0):
 garbage-first heap   total 312320K, used 108506K [0x0000000700000000, 0x0000000800000000)
  region size 1024K, 4 young (4096K), 4 survivors (4096K)
 Metaspace       used 94690K, capacity 97145K, committed 97872K, reserved 1134592K
  class space    used 11890K, capacity 12732K, committed 13056K, reserved 1048576K
}
Event: 45.702 GC heap before
{Heap before GC invocations=38 (full 0):
 garbage-first heap   total 312320K, used 252890K [0x0000000700000000, 0x0000000800000000)
  region size 1024K, 143 young (146432K), 4 survivors (4096K)
 Metaspace       used 94939K, capacity 97437K, committed 98128K, reserved 1134592K
  class space    used 11906K, capacity 12765K, committed 13056K, reserved 1048576K
}
Event: 45.704 GC heap after
{Heap after GC invocations=39 (full 0):
 garbage-first heap   total 312320K, used 112781K [0x0000000700000000, 0x0000000800000000)
  region size 1024K, 7 young (7168K), 7 survivors (7168K)
 Metaspace       used 94939K, capacity 97437K, committed 98128K, reserved 1134592K
  class space    used 11906K, capacity 12765K, committed 13056K, reserved 1048576K
}
Event: 45.730 GC heap before
{Heap before GC invocations=39 (full 0):
 garbage-first heap   total 312320K, used 120973K [0x0000000700000000, 0x0000000800000000)
  region size 1024K, 15 young (15360K), 7 survivors (7168K)
 Metaspace       used 94939K, capacity 97437K, committed 98128K, reserved 1134592K
  class space    used 11906K, capacity 12765K, committed 13056K, reserved 1048576K
}
Event: 45.732 GC heap after
{Heap after GC invocations=40 (full 0):
 garbage-first heap   total 312320K, used 112224K [0x0000000700000000, 0x0000000800000000)
  region size 1024K, 1 young (1024K), 1 survivors (1024K)
 Metaspace       used 94939K, capacity 97437K, committed 98128K, reserved 1134592K
  class space    used 11906K, capacity 12765K, committed 13056K, reserved 1048576K
}

